# JRE version: OpenJDK Runtime Environment Corretto-11.0.11.9.1 (11.0.11+9) (build 11.0.11+9-LTS)
# Java VM: OpenJDK 64-Bit Server VM Corretto-11.0.11.9.1 (11.0.11+9-LTS, mixed mode, tiered, compressed oops, g1 gc, windows-amd64)
Heap:
 garbage-first heap   total 155648K, used 36816K [0x0000000082400000, 0x0000000100000000)
  region size 1024K, 20 young (20480K), 4 survivors (4096K)
 Metaspace       used 33631K, capacity 34310K, committed 34608K, reserved 1081344K
  class space    used 3617K, capacity 3873K, committed 3968K, reserved 1048576K
GC Heap History (14 events):
Event: 0.526 GC heap before
{Heap before GC invocations=0 (full 0):
 garbage-first heap   total 129024K, used 23552K [0x0000000082400000, 0x0000000100000000)
  region size 1024K, 24 young (24576K), 0 survivors (0K)
 Metaspace       used 12555K, capacity 12725K, committed 12928K, reserved 1060864K
  class space    used 1271K, capacity 1348K, committed 1408K, reserved 1048576K
}
Event: 0.532 GC heap after
{Heap after GC invocations=1 (full 0):
 garbage-first heap   total 129024K, used 3486K [0x0000000082400000, 0x0000000100000000)
  region size 1024K, 3 young (3072K), 3 survivors (3072K)
 Metaspace       used 12555K, capacity 12725K, committed 12928K, reserved 1060864K
  class space    used 1271K, capacity 1348K, committed 1408K, reserved 1048576K
}
Event: 1.596 GC heap before
{Heap before GC invocations=1 (full 0):
 garbage-first heap   total 129024K, used 77214K [0x0000000082400000, 0x0000000100000000)
  region size 1024K, 75 young (76800K), 3 survivors (3072K)
 Metaspace       used 20507K, capacity 20778K, committed 21120K, reserved 1069056K
  class space    used 2192K, capacity 2311K, committed 2432K, reserved 1048576K
}
Event: 1.608 GC heap after
{Heap after GC invocations=2 (full 0):
 garbage-first heap   total 129024K, used 9144K [0x0000000082400000, 0x0000000100000000)
  region size 1024K, 9 young (9216K), 9 survivors (9216K)
 Metaspace       used 20507K, capacity 20778K, committed 21120K, reserved 1069056K
  class space    used 2192K, capacity 2311K, committed 2432K, reserved 1048576K
}
Event: 1.798 GC heap before
{Heap before GC invocations=2 (full 0):
 garbage-first heap   total 129024K, used 27576K [0x0000000082400000, 0x0000000100000000)
  region size 1024K, 28 young (28672K), 9 survivors (9216K)
 Metaspace       used 20874K, capacity 21148K, committed 21296K, reserved 1069056K
  class space    used 2214K, capacity 2345K, committed 2432K, reserved 1048576K
}
Event: 1.812 GC heap after
{Heap after GC invocations=3 (full 0):
 garbage-first heap   total 129024K, used 10659K [0x0000000082400000, 0x0000000100000000)
  region size 1024K, 2 young (2048K), 2 survivors (2048K)
 Metaspace       used 20874K, capacity 21148K, committed 21296K, reserved 1069056K
  class space    used 2214K, capacity 2345K, committed 2432K, reserved 1048576K
}
Event: 3.069 GC heap before
{Heap before GC invocations=4 (full 0):
 garbage-first heap   total 129024K, used 83363K [0x0000000082400000, 0x0000000100000000)
  region size 1024K, 73 young (74752K), 2 survivors (2048K)
 Metaspace       used 26373K, capacity 26850K, committed 27056K, reserved 1073152K
  class space    used 2805K, capacity 2999K, committed 3072K, reserved 1048576K
}
Event: 3.073 GC heap after
{Heap after GC invocations=5 (full 0):
 garbage-first heap   total 129024K, used 14353K [0x0000000082400000, 0x0000000100000000)
  region size 1024K, 6 young (6144K), 6 survivors (6144K)
 Metaspace       used 26373K, capacity 26850K, committed 27056K, reserved 1073152K
  class space    used 2805K, capacity 2999K, committed 3072K, reserved 1048576K
}
Event: 3.883 GC heap before
{Heap before GC invocations=5 (full 0):
 garbage-first heap   total 129024K, used 85009K [0x0000000082400000, 0x0000000100000000)
  region size 1024K, 75 young (76800K), 6 survivors (6144K)
 Metaspace       used 31107K, capacity 31727K, committed 31920K, reserved 1077248K
  class space    used 3308K, capacity 3544K, committed 3584K, reserved 1048576K
}
Event: 3.899 GC heap after
{Heap after GC invocations=6 (full 0):
 garbage-first heap   total 129024K, used 20571K [0x0000000082400000, 0x0000000100000000)
  region size 1024K, 10 young (10240K), 10 survivors (10240K)
 Metaspace       used 31107K, capacity 31727K, committed 31920K, reserved 1077248K
  class space    used 3308K, capacity 3544K, committed 3584K, reserved 1048576K
}
Event: 4.140 GC heap before
{Heap before GC invocations=6 (full 0):
 garbage-first heap   total 129024K, used 87131K [0x0000000082400000, 0x0000000100000000)
  region size 1024K, 75 young (76800K), 10 survivors (10240K)
 Metaspace       used 31117K, capacity 31727K, committed 31920K, reserved 1077248K
  class space    used 3308K, capacity 3544K, committed 3584K, reserved 1048576K
}
Event: 4.152 GC heap after
{Heap after GC invocations=7 (full 0):
 garbage-first heap   total 155648K, used 22209K [0x0000000082400000, 0x0000000100000000)
  region size 1024K, 5 young (5120K), 5 survivors (5120K)
 Metaspace       used 31117K, capacity 31727K, committed 31920K, reserved 1077248K
  class space    used 3308K, capacity 3544K, committed 3584K, reserved 1048576K
}
Event: 4.477 GC heap before
{Heap before GC invocations=7 (full 0):
 garbage-first heap   total 155648K, used 105153K [0x0000000082400000, 0x0000000100000000)
  region size 1024K, 86 young (88064K), 5 survivors (5120K)
 Metaspace       used 31210K, capacity 31855K, committed 31920K, reserved 1077248K
  class space    used 3315K, capacity 3544K, committed 3584K, reserved 1048576K
}
Event: 4.484 GC heap after
{Heap after GC invocations=8 (full 0):
 garbage-first heap   total 155648K, used 21456K [0x0000000082400000, 0x0000000100000000)
  region size 1024K, 4 young (4096K), 4 survivors (4096K)
 Metaspace       used 31210K, capacity 31855K, committed 31920K, reserved 1077248K
  class space    used 3315K, capacity 3544K, committed 3584K, reserved 1048576K
}

