# JRE version: OpenJDK Runtime Environment Corretto-11.0.11.9.1 (11.0.11+9) (build 11.0.11+9-LTS)
# Java VM: OpenJDK 64-Bit Server VM Corretto-11.0.11.9.1 (11.0.11+9-LTS, mixed mode, tiered, compressed oops, g1 gc, windows-amd64)
Heap:
 garbage-first heap   total 157696K, used 41570K [0x0000000082400000, 0x0000000100000000)
  region size 1024K, 25 young (25600K), 5 survivors (5120K)
 Metaspace       used 34008K, capacity 34671K, committed 34864K, reserved 1081344K
  class space    used 3640K, capacity 3908K, committed 3968K, reserved 1048576K
GC Heap History (14 events):
Event: 0.514 GC heap before
{Heap before GC invocations=0 (full 0):
 garbage-first heap   total 129024K, used 23551K [0x0000000082400000, 0x0000000100000000)
  region size 1024K, 24 young (24576K), 0 survivors (0K)
 Metaspace       used 12563K, capacity 12725K, committed 12928K, reserved 1060864K
  class space    used 1271K, capacity 1348K, committed 1408K, reserved 1048576K
}
Event: 0.520 GC heap after
{Heap after GC invocations=1 (full 0):
 garbage-first heap   total 129024K, used 3467K [0x0000000082400000, 0x0000000100000000)
  region size 1024K, 3 young (3072K), 3 survivors (3072K)
 Metaspace       used 12563K, capacity 12725K, committed 12928K, reserved 1060864K
  class space    used 1271K, capacity 1348K, committed 1408K, reserved 1048576K
}
Event: 1.475 GC heap before
{Heap before GC invocations=1 (full 0):
 garbage-first heap   total 129024K, used 77195K [0x0000000082400000, 0x0000000100000000)
  region size 1024K, 75 young (76800K), 3 survivors (3072K)
 Metaspace       used 20501K, capacity 20778K, committed 21120K, reserved 1069056K
  class space    used 2192K, capacity 2311K, committed 2432K, reserved 1048576K
}
Event: 1.489 GC heap after
{Heap after GC invocations=2 (full 0):
 garbage-first heap   total 129024K, used 9145K [0x0000000082400000, 0x0000000100000000)
  region size 1024K, 9 young (9216K), 9 survivors (9216K)
 Metaspace       used 20501K, capacity 20778K, committed 21120K, reserved 1069056K
  class space    used 2192K, capacity 2311K, committed 2432K, reserved 1048576K
}
Event: 1.664 GC heap before
{Heap before GC invocations=2 (full 0):
 garbage-first heap   total 129024K, used 26553K [0x0000000082400000, 0x0000000100000000)
  region size 1024K, 27 young (27648K), 9 survivors (9216K)
 Metaspace       used 20843K, capacity 21130K, committed 21296K, reserved 1069056K
  class space    used 2210K, capacity 2343K, committed 2432K, reserved 1048576K
}
Event: 1.680 GC heap after
{Heap after GC invocations=3 (full 0):
 garbage-first heap   total 129024K, used 10674K [0x0000000082400000, 0x0000000100000000)
  region size 1024K, 2 young (2048K), 2 survivors (2048K)
 Metaspace       used 20843K, capacity 21130K, committed 21296K, reserved 1069056K
  class space    used 2210K, capacity 2343K, committed 2432K, reserved 1048576K
}
Event: 2.731 GC heap before
{Heap before GC invocations=4 (full 0):
 garbage-first heap   total 129024K, used 82354K [0x0000000082400000, 0x0000000100000000)
  region size 1024K, 73 young (74752K), 2 survivors (2048K)
 Metaspace       used 25415K, capacity 25855K, committed 26160K, reserved 1073152K
  class space    used 2684K, capacity 2836K, committed 2944K, reserved 1048576K
}
Event: 2.736 GC heap after
{Heap after GC invocations=5 (full 0):
 garbage-first heap   total 129024K, used 14215K [0x0000000082400000, 0x0000000100000000)
  region size 1024K, 6 young (6144K), 6 survivors (6144K)
 Metaspace       used 25415K, capacity 25855K, committed 26160K, reserved 1073152K
  class space    used 2684K, capacity 2836K, committed 2944K, reserved 1048576K
}
Event: 3.485 GC heap before
{Heap before GC invocations=5 (full 0):
 garbage-first heap   total 129024K, used 84871K [0x0000000082400000, 0x0000000100000000)
  region size 1024K, 75 young (76800K), 6 survivors (6144K)
 Metaspace       used 31163K, capacity 31791K, committed 31920K, reserved 1077248K
  class space    used 3307K, capacity 3544K, committed 3584K, reserved 1048576K
}
Event: 3.497 GC heap after
{Heap after GC invocations=6 (full 0):
 garbage-first heap   total 129024K, used 20454K [0x0000000082400000, 0x0000000100000000)
  region size 1024K, 10 young (10240K), 10 survivors (10240K)
 Metaspace       used 31163K, capacity 31791K, committed 31920K, reserved 1077248K
  class space    used 3307K, capacity 3544K, committed 3584K, reserved 1048576K
}
Event: 3.783 GC heap before
{Heap before GC invocations=6 (full 0):
 garbage-first heap   total 129024K, used 87014K [0x0000000082400000, 0x0000000100000000)
  region size 1024K, 75 young (76800K), 10 survivors (10240K)
 Metaspace       used 31204K, capacity 31855K, committed 31920K, reserved 1077248K
  class space    used 3310K, capacity 3544K, committed 3584K, reserved 1048576K
}
Event: 3.794 GC heap after
{Heap after GC invocations=7 (full 0):
 garbage-first heap   total 157696K, used 22283K [0x0000000082400000, 0x0000000100000000)
  region size 1024K, 5 young (5120K), 5 survivors (5120K)
 Metaspace       used 31204K, capacity 31855K, committed 31920K, reserved 1077248K
  class space    used 3310K, capacity 3544K, committed 3584K, reserved 1048576K
}
Event: 4.056 GC heap before
{Heap before GC invocations=7 (full 0):
 garbage-first heap   total 157696K, used 104203K [0x0000000082400000, 0x0000000100000000)
  region size 1024K, 85 young (87040K), 5 survivors (5120K)
 Metaspace       used 31219K, capacity 31855K, committed 31920K, reserved 1077248K
  class space    used 3310K, capacity 3544K, committed 3584K, reserved 1048576K
}
Event: 4.061 GC heap after
{Heap after GC invocations=8 (full 0):
 garbage-first heap   total 157696K, used 22114K [0x0000000082400000, 0x0000000100000000)
  region size 1024K, 5 young (5120K), 5 survivors (5120K)
 Metaspace       used 31219K, capacity 31855K, committed 31920K, reserved 1077248K
  class space    used 3310K, capacity 3544K, committed 3584K, reserved 1048576K
}

